<?xml version="1.0" encoding="UTF-8"?>
<testsuite name="com.example.HealthFriends.HealthFriendsApplicationTests" tests="1" skipped="0" failures="0" errors="0" timestamp="2023-07-25T08:01:17" hostname="DESKTOP-PG9B479" time="0.879">
  <properties/>
  <testcase name="contextLoads()" classname="com.example.HealthFriends.HealthFriendsApplicationTests" time="0.879"/>
  <system-out><![CDATA[17:01:14.637 [Test worker] INFO org.springframework.test.context.support.AnnotationConfigContextLoaderUtils -- Could not detect default configuration classes for test class [com.example.HealthFriends.HealthFriendsApplicationTests]: HealthFriendsApplicationTests does not declare any static, non-private, non-final, nested classes annotated with @Configuration.
17:01:14.724 [Test worker] INFO org.springframework.boot.test.context.SpringBootTestContextBootstrapper -- Found @SpringBootConfiguration com.example.HealthFriends.HealthFriendsApplication for test class com.example.HealthFriends.HealthFriendsApplicationTests

  .   ____          _            __ _ _
 /\\ / ___'_ __ _ _(_)_ __  __ _ \ \ \ \
( ( )\___ | '_ | '_| | '_ \/ _` | \ \ \ \
 \\/  ___)| |_)| | | | | || (_| |  ) ) ) )
  '  |____| .__|_| |_|_| |_\__, | / / / /
 =========|_|==============|___/=/_/_/_/
 :: Spring Boot ::                (v3.1.2)

2023-07-25T17:01:15.169+09:00  INFO 13632 --- [    Test worker] c.e.H.HealthFriendsApplicationTests      : Starting HealthFriendsApplicationTests using Java 17.0.5 with PID 13632 (started by 82104 in C:\Users\82104\Desktop\MyProjects\HF\HealthFriends)
2023-07-25T17:01:15.171+09:00  INFO 13632 --- [    Test worker] c.e.H.HealthFriendsApplicationTests      : No active profile set, falling back to 1 default profile: "default"
2023-07-25T17:01:17.233+09:00  INFO 13632 --- [    Test worker] c.e.H.HealthFriendsApplicationTests      : Started HealthFriendsApplicationTests in 2.336 seconds (process running for 3.432)
]]></system-out>
  <system-err><![CDATA[]]></system-err>
</testsuite>
